2020-04-18 13:19:34,449 [Worker-7: Loading available Gradle versions] INFO  o.e.b.c.i.u.g.PublishedGradleVersions - Gradle version information cache is up-to-date. Trying to read.
2020-04-18 13:22:40,339 [Worker-17: Building] INFO  o.e.m.c.i.l.LifecycleMappingFactory - Using org.eclipse.m2e.jdt.JarLifecycleMapping lifecycle mapping for MavenProject: com.chandini:ecommerce:0.0.1-SNAPSHOT @ D:\Thinklusive\Project\02-Backend\ecommerce\pom.xml.
2020-04-18 13:22:40,339 [Worker-20: Updating Maven Dependencies] INFO  o.e.m.c.i.l.LifecycleMappingFactory - Using org.eclipse.m2e.jdt.JarLifecycleMapping lifecycle mapping for MavenProject: com.chandini:ecommerce:0.0.1-SNAPSHOT @ D:\Thinklusive\Project\02-Backend\ecommerce\pom.xml.
2020-04-18 13:22:42,251 [Worker-17: Building] INFO  o.e.m.c.i.embedder.EclipseLogger - Using 'UTF-8' encoding to copy filtered resources.
2020-04-18 13:22:42,257 [Worker-17: Building] INFO  o.e.m.c.i.embedder.EclipseLogger - Copying 1 resource
2020-04-18 13:22:42,284 [Worker-17: Building] INFO  o.e.m.c.i.embedder.EclipseLogger - Copying 0 resource
2020-04-18 13:22:42,288 [Worker-17: Building] INFO  o.e.m.c.i.embedder.EclipseLogger - Using 'UTF-8' encoding to copy filtered resources.
2020-04-18 13:22:42,288 [Worker-17: Building] INFO  o.e.m.c.i.embedder.EclipseLogger - skip non existing resourceDirectory D:\Thinklusive\Project\02-Backend\ecommerce\src\test\resources
2020-04-18 13:22:44,297 [Worker-20: Building] INFO  o.e.m.c.i.embedder.EclipseLogger - Using 'UTF-8' encoding to copy filtered resources.
2020-04-18 13:22:44,303 [Worker-20: Building] INFO  o.e.m.c.i.embedder.EclipseLogger - Copying 1 resource
2020-04-18 13:22:44,325 [Worker-20: Building] INFO  o.e.m.c.i.embedder.EclipseLogger - Copying 0 resource
2020-04-18 13:22:44,573 [Worker-0: Updating Maven Dependencies] INFO  o.e.m.c.i.l.LifecycleMappingFactory - Using org.eclipse.m2e.jdt.JarLifecycleMapping lifecycle mapping for MavenProject: com.chandini:ecommerce:0.0.1-SNAPSHOT @ D:\Thinklusive\Project\02-Backend\ecommerce\pom.xml.
2020-04-18 13:22:44,574 [Worker-20: Building] INFO  o.e.m.c.i.embedder.EclipseLogger - Using 'UTF-8' encoding to copy filtered resources.
2020-04-18 13:22:44,575 [Worker-20: Building] INFO  o.e.m.c.i.embedder.EclipseLogger - skip non existing resourceDirectory D:\Thinklusive\Project\02-Backend\ecommerce\src\test\resources
2020-04-18 13:22:46,403 [Worker-10: Building] INFO  o.e.m.c.i.embedder.EclipseLogger - Using 'UTF-8' encoding to copy filtered resources.
2020-04-18 13:22:46,404 [Worker-10: Building] INFO  o.e.m.c.i.embedder.EclipseLogger - Copying 0 resource
2020-04-18 13:22:46,404 [Worker-10: Building] INFO  o.e.m.c.i.embedder.EclipseLogger - Copying 0 resource
2020-04-18 13:22:46,406 [Worker-10: Building] INFO  o.e.m.c.i.embedder.EclipseLogger - Using 'UTF-8' encoding to copy filtered resources.
2020-04-18 13:22:46,406 [Worker-10: Building] INFO  o.e.m.c.i.embedder.EclipseLogger - skip non existing resourceDirectory D:\Thinklusive\Project\02-Backend\ecommerce\src\test\resources
2020-04-18 13:23:15,068 [Worker-23: Building] INFO  o.e.m.c.i.embedder.EclipseLogger - Using 'UTF-8' encoding to copy filtered resources.
2020-04-18 13:23:15,069 [Worker-23: Building] INFO  o.e.m.c.i.embedder.EclipseLogger - Copying 1 resource
2020-04-18 13:23:15,072 [Worker-23: Building] INFO  o.e.m.c.i.embedder.EclipseLogger - Copying 0 resource
2020-04-18 13:23:15,074 [Worker-23: Building] INFO  o.e.m.c.i.embedder.EclipseLogger - Using 'UTF-8' encoding to copy filtered resources.
2020-04-18 13:23:15,074 [Worker-23: Building] INFO  o.e.m.c.i.embedder.EclipseLogger - skip non existing resourceDirectory D:\Thinklusive\Project\02-Backend\ecommerce\src\test\resources
2020-04-18 13:23:25,565 [Worker-20: Building] INFO  o.e.m.c.i.embedder.EclipseLogger - Using 'UTF-8' encoding to copy filtered resources.
2020-04-18 13:23:25,565 [Worker-20: Building] INFO  o.e.m.c.i.embedder.EclipseLogger - Copying 1 resource
2020-04-18 13:23:25,568 [Worker-20: Building] INFO  o.e.m.c.i.embedder.EclipseLogger - Copying 0 resource
2020-04-18 13:23:25,570 [Worker-20: Building] INFO  o.e.m.c.i.embedder.EclipseLogger - Using 'UTF-8' encoding to copy filtered resources.
2020-04-18 13:23:25,571 [Worker-20: Building] INFO  o.e.m.c.i.embedder.EclipseLogger - skip non existing resourceDirectory D:\Thinklusive\Project\02-Backend\ecommerce\src\test\resources
2020-04-20 12:04:48,235 [Worker-4: Loading available Gradle versions] INFO  o.e.b.c.i.u.g.PublishedGradleVersions - Gradle version information cache is out-of-date. Trying to update.
2020-04-20 12:05:13,417 [Worker-9: Building] INFO  o.e.m.c.i.embedder.EclipseLogger - Using 'UTF-8' encoding to copy filtered resources.
2020-04-20 12:05:13,426 [Worker-9: Building] INFO  o.e.m.c.i.embedder.EclipseLogger - Copying 1 resource
2020-04-20 12:05:13,473 [Worker-9: Building] INFO  o.e.m.c.i.embedder.EclipseLogger - Copying 0 resource
2020-04-20 12:05:13,479 [Worker-9: Building] INFO  o.e.m.c.i.embedder.EclipseLogger - Using 'UTF-8' encoding to copy filtered resources.
2020-04-20 12:05:13,480 [Worker-9: Building] INFO  o.e.m.c.i.embedder.EclipseLogger - skip non existing resourceDirectory D:\Thinklusive\Project\02-Backend\ecommerce\src\test\resources
2020-04-20 12:05:52,511 [Worker-3: Loading available Gradle versions] INFO  o.e.b.c.i.u.g.PublishedGradleVersions - Gradle version information cache is up-to-date. Trying to read.
2020-04-20 16:58:53,063 [Worker-61: Building] INFO  o.e.m.c.i.embedder.EclipseLogger - Using 'UTF-8' encoding to copy filtered resources.
2020-04-20 16:58:53,073 [Worker-61: Building] INFO  o.e.m.c.i.embedder.EclipseLogger - Copying 1 resource
2020-04-20 16:58:53,101 [Worker-61: Building] INFO  o.e.m.c.i.embedder.EclipseLogger - Copying 0 resource
2020-04-20 16:58:53,105 [Worker-61: Building] INFO  o.e.m.c.i.embedder.EclipseLogger - Using 'UTF-8' encoding to copy filtered resources.
2020-04-20 16:58:53,105 [Worker-61: Building] INFO  o.e.m.c.i.embedder.EclipseLogger - skip non existing resourceDirectory D:\Thinklusive\Project\02-Backend\ecommerce\src\test\resources
2020-04-20 16:58:53,502 [Worker-59: Building] INFO  o.e.m.c.i.embedder.EclipseLogger - Using 'UTF-8' encoding to copy filtered resources.
2020-04-20 16:58:53,506 [Worker-59: Building] INFO  o.e.m.c.i.embedder.EclipseLogger - Copying 1 resource
2020-04-20 16:58:53,511 [Worker-59: Building] INFO  o.e.m.c.i.embedder.EclipseLogger - Copying 0 resource
2020-04-20 16:58:53,514 [Worker-59: Building] INFO  o.e.m.c.i.embedder.EclipseLogger - Using 'UTF-8' encoding to copy filtered resources.
2020-04-20 16:58:53,515 [Worker-59: Building] INFO  o.e.m.c.i.embedder.EclipseLogger - skip non existing resourceDirectory D:\Thinklusive\Project\02-Backend\ecommerce\src\test\resources
2020-04-20 16:59:31,016 [Worker-60: Building] INFO  o.e.m.c.i.embedder.EclipseLogger - Using 'UTF-8' encoding to copy filtered resources.
2020-04-20 16:59:31,018 [Worker-60: Building] INFO  o.e.m.c.i.embedder.EclipseLogger - Copying 1 resource
2020-04-20 16:59:31,025 [Worker-60: Building] INFO  o.e.m.c.i.embedder.EclipseLogger - Copying 0 resource
2020-04-20 16:59:31,030 [Worker-60: Building] INFO  o.e.m.c.i.embedder.EclipseLogger - Using 'UTF-8' encoding to copy filtered resources.
2020-04-20 16:59:31,030 [Worker-60: Building] INFO  o.e.m.c.i.embedder.EclipseLogger - skip non existing resourceDirectory D:\Thinklusive\Project\02-Backend\ecommerce\src\test\resources
2020-04-20 17:01:49,540 [Worker-57: Building] INFO  o.e.m.c.i.embedder.EclipseLogger - Using 'UTF-8' encoding to copy filtered resources.
2020-04-20 17:01:49,541 [Worker-57: Building] INFO  o.e.m.c.i.embedder.EclipseLogger - Copying 1 resource
2020-04-20 17:01:49,544 [Worker-57: Building] INFO  o.e.m.c.i.embedder.EclipseLogger - Copying 0 resource
2020-04-20 17:01:49,546 [Worker-57: Building] INFO  o.e.m.c.i.embedder.EclipseLogger - Using 'UTF-8' encoding to copy filtered resources.
2020-04-20 17:01:49,546 [Worker-57: Building] INFO  o.e.m.c.i.embedder.EclipseLogger - skip non existing resourceDirectory D:\Thinklusive\Project\02-Backend\ecommerce\src\test\resources
2020-04-21 12:36:40,768 [Worker-0: Loading available Gradle versions] INFO  o.e.b.c.i.u.g.PublishedGradleVersions - Gradle version information cache is out-of-date. Trying to update.
2020-04-23 19:55:10,370 [Worker-226: Building] INFO  o.e.m.c.i.embedder.EclipseLogger - Using 'UTF-8' encoding to copy filtered resources.
2020-04-23 19:55:10,377 [Worker-226: Building] INFO  o.e.m.c.i.embedder.EclipseLogger - Copying 1 resource
2020-04-23 19:55:10,409 [Worker-226: Building] INFO  o.e.m.c.i.embedder.EclipseLogger - Copying 0 resource
2020-04-23 19:55:10,413 [Worker-226: Building] INFO  o.e.m.c.i.embedder.EclipseLogger - Using 'UTF-8' encoding to copy filtered resources.
2020-04-23 19:55:10,413 [Worker-226: Building] INFO  o.e.m.c.i.embedder.EclipseLogger - skip non existing resourceDirectory D:\Thinklusive\Project\02-Backend\ecommerce\src\test\resources
2020-04-23 19:55:10,643 [Worker-225: Building] INFO  o.e.m.c.i.embedder.EclipseLogger - Using 'UTF-8' encoding to copy filtered resources.
2020-04-23 19:55:10,645 [Worker-225: Building] INFO  o.e.m.c.i.embedder.EclipseLogger - Copying 0 resource
2020-04-23 19:55:10,645 [Worker-225: Building] INFO  o.e.m.c.i.embedder.EclipseLogger - Copying 0 resource
2020-04-23 19:55:10,648 [Worker-225: Building] INFO  o.e.m.c.i.embedder.EclipseLogger - Using 'UTF-8' encoding to copy filtered resources.
2020-04-23 19:55:10,648 [Worker-225: Building] INFO  o.e.m.c.i.embedder.EclipseLogger - skip non existing resourceDirectory D:\Thinklusive\Project\02-Backend\ecommerce\src\test\resources
2020-04-23 19:55:48,672 [Worker-228: Building] INFO  o.e.m.c.i.embedder.EclipseLogger - Using 'UTF-8' encoding to copy filtered resources.
2020-04-23 19:55:48,674 [Worker-228: Building] INFO  o.e.m.c.i.embedder.EclipseLogger - Copying 0 resource
2020-04-23 19:55:48,674 [Worker-228: Building] INFO  o.e.m.c.i.embedder.EclipseLogger - Copying 0 resource
2020-04-23 19:55:48,678 [Worker-228: Building] INFO  o.e.m.c.i.embedder.EclipseLogger - Using 'UTF-8' encoding to copy filtered resources.
2020-04-23 19:55:48,678 [Worker-228: Building] INFO  o.e.m.c.i.embedder.EclipseLogger - skip non existing resourceDirectory D:\Thinklusive\Project\02-Backend\ecommerce\src\test\resources
2020-04-23 19:55:57,214 [Worker-216: Building] INFO  o.e.m.c.i.embedder.EclipseLogger - Using 'UTF-8' encoding to copy filtered resources.
2020-04-23 19:55:57,214 [Worker-216: Building] INFO  o.e.m.c.i.embedder.EclipseLogger - Copying 0 resource
2020-04-23 19:55:57,214 [Worker-216: Building] INFO  o.e.m.c.i.embedder.EclipseLogger - Copying 0 resource
2020-04-23 19:55:57,217 [Worker-216: Building] INFO  o.e.m.c.i.embedder.EclipseLogger - Using 'UTF-8' encoding to copy filtered resources.
2020-04-23 19:55:57,217 [Worker-216: Building] INFO  o.e.m.c.i.embedder.EclipseLogger - skip non existing resourceDirectory D:\Thinklusive\Project\02-Backend\ecommerce\src\test\resources
2020-04-23 19:56:28,071 [Worker-225: Building] INFO  o.e.m.c.i.embedder.EclipseLogger - Using 'UTF-8' encoding to copy filtered resources.
2020-04-23 19:56:28,071 [Worker-225: Building] INFO  o.e.m.c.i.embedder.EclipseLogger - Copying 0 resource
2020-04-23 19:56:28,071 [Worker-225: Building] INFO  o.e.m.c.i.embedder.EclipseLogger - Copying 0 resource
2020-04-23 19:56:28,073 [Worker-225: Building] INFO  o.e.m.c.i.embedder.EclipseLogger - Using 'UTF-8' encoding to copy filtered resources.
2020-04-23 19:56:28,073 [Worker-225: Building] INFO  o.e.m.c.i.embedder.EclipseLogger - skip non existing resourceDirectory D:\Thinklusive\Project\02-Backend\ecommerce\src\test\resources
2020-04-23 19:56:40,372 [Worker-216: Building] INFO  o.e.m.c.i.embedder.EclipseLogger - Using 'UTF-8' encoding to copy filtered resources.
2020-04-23 19:56:40,372 [Worker-216: Building] INFO  o.e.m.c.i.embedder.EclipseLogger - Copying 0 resource
2020-04-23 19:56:40,372 [Worker-216: Building] INFO  o.e.m.c.i.embedder.EclipseLogger - Copying 0 resource
2020-04-23 19:56:40,374 [Worker-216: Building] INFO  o.e.m.c.i.embedder.EclipseLogger - Using 'UTF-8' encoding to copy filtered resources.
2020-04-23 19:56:40,374 [Worker-216: Building] INFO  o.e.m.c.i.embedder.EclipseLogger - skip non existing resourceDirectory D:\Thinklusive\Project\02-Backend\ecommerce\src\test\resources
2020-04-25 11:36:35,455 [Worker-0] INFO  c.g.t.t.d.PublishedGradleVersions - Gradle version information cache is out-of-date. Trying to update.
2020-04-25 11:36:41,818 [main] ERROR o.e.m2e.editor.pom.OverviewPage - Failed to populate overview panel
java.lang.NullPointerException: null
	at org.eclipse.m2e.core.ui.internal.editing.PomEdits.performOnDOMDocument(PomEdits.java:510) ~[org.eclipse.m2e.core.ui_1.8.3.20180227-2137.jar:na]
	at org.eclipse.m2e.editor.pom.OverviewPage$17.run(OverviewPage.java:1129) ~[na:na]
	at org.eclipse.swt.widgets.RunnableLock.run(RunnableLock.java:37) [org.eclipse.swt.win32.win32.x86_64_3.106.3.v20180329-0507.jar:na]
	at org.eclipse.swt.widgets.Synchronizer.runAsyncMessages(Synchronizer.java:182) [org.eclipse.swt.win32.win32.x86_64_3.106.3.v20180329-0507.jar:na]
	at org.eclipse.swt.widgets.Display.runAsyncMessages(Display.java:4213) [org.eclipse.swt.win32.win32.x86_64_3.106.3.v20180329-0507.jar:na]
	at org.eclipse.swt.widgets.Display.readAndDispatch(Display.java:3820) [org.eclipse.swt.win32.win32.x86_64_3.106.3.v20180329-0507.jar:na]
	at org.eclipse.jface.operation.ModalContext$ModalContextThread.block(ModalContext.java:165) [org.eclipse.jface_3.13.2.v20171022-1656.jar:na]
	at org.eclipse.jface.operation.ModalContext.run(ModalContext.java:369) [org.eclipse.jface_3.13.2.v20171022-1656.jar:na]
	at org.eclipse.jface.dialogs.ProgressMonitorDialog.run(ProgressMonitorDialog.java:483) [org.eclipse.jface_3.13.2.v20171022-1656.jar:na]
	at org.eclipse.ui.internal.progress.ProgressMonitorJobsDialog.run(ProgressMonitorJobsDialog.java:237) [org.eclipse.ui.workbench_3.110.1.v20170704-1208.jar:na]
	at org.eclipse.ui.internal.ide.application.IDEWorkbenchAdvisor.disconnectFromWorkspace(IDEWorkbenchAdvisor.java:533) [org.eclipse.ui.ide.application_1.2.0.v20170512-1452.jar:na]
	at org.eclipse.ui.internal.ide.application.IDEWorkbenchAdvisor.access$2(IDEWorkbenchAdvisor.java:505) [org.eclipse.ui.ide.application_1.2.0.v20170512-1452.jar:na]
	at org.eclipse.ui.internal.ide.application.IDEWorkbenchAdvisor$3.run(IDEWorkbenchAdvisor.java:346) [org.eclipse.ui.ide.application_1.2.0.v20170512-1452.jar:na]
	at org.eclipse.ui.internal.ide.application.IDEWorkbenchAdvisor.postShutdown(IDEWorkbenchAdvisor.java:367) [org.eclipse.ui.ide.application_1.2.0.v20170512-1452.jar:na]
	at org.eclipse.ui.internal.Workbench.shutdown(Workbench.java:3019) [org.eclipse.ui.workbench_3.110.1.v20170704-1208.jar:na]
	at org.eclipse.ui.internal.Workbench.busyClose(Workbench.java:1174) [org.eclipse.ui.workbench_3.110.1.v20170704-1208.jar:na]
	at org.eclipse.ui.internal.Workbench.lambda$4(Workbench.java:1424) [org.eclipse.ui.workbench_3.110.1.v20170704-1208.jar:na]
	at org.eclipse.swt.custom.BusyIndicator.showWhile(BusyIndicator.java:70) ~[org.eclipse.swt.win32.win32.x86_64_3.106.3.v20180329-0507.jar:na]
	at org.eclipse.ui.internal.Workbench.close(Workbench.java:1424) [org.eclipse.ui.workbench_3.110.1.v20170704-1208.jar:na]
	at org.eclipse.ui.internal.Workbench.close(Workbench.java:1397) [org.eclipse.ui.workbench_3.110.1.v20170704-1208.jar:na]
	at org.eclipse.ui.internal.WorkbenchWindow.busyClose(WorkbenchWindow.java:1606) ~[org.eclipse.ui.workbench_3.110.1.v20170704-1208.jar:na]
	at org.eclipse.ui.internal.WorkbenchWindow.access$18(WorkbenchWindow.java:1552) ~[org.eclipse.ui.workbench_3.110.1.v20170704-1208.jar:na]
	at org.eclipse.ui.internal.WorkbenchWindow$11.run(WorkbenchWindow.java:1638) ~[org.eclipse.ui.workbench_3.110.1.v20170704-1208.jar:na]
	at org.eclipse.swt.custom.BusyIndicator.showWhile(BusyIndicator.java:70) ~[org.eclipse.swt.win32.win32.x86_64_3.106.3.v20180329-0507.jar:na]
	at org.eclipse.ui.internal.WorkbenchWindow.close(WorkbenchWindow.java:1635) ~[org.eclipse.ui.workbench_3.110.1.v20170704-1208.jar:na]
	at org.eclipse.ui.internal.WorkbenchWindow.close(WorkbenchWindow.java:1649) ~[org.eclipse.ui.workbench_3.110.1.v20170704-1208.jar:na]
	at org.eclipse.ui.internal.WorkbenchWindow$6.close(WorkbenchWindow.java:530) ~[org.eclipse.ui.workbench_3.110.1.v20170704-1208.jar:na]
	at org.eclipse.e4.ui.workbench.renderers.swt.WBWRenderer$3.shellClosed(WBWRenderer.java:615) ~[org.eclipse.e4.ui.workbench.renderers.swt_0.14.102.v20180117-1153.jar:na]
	at org.eclipse.swt.widgets.TypedListener.handleEvent(TypedListener.java:99) ~[org.eclipse.swt.win32.win32.x86_64_3.106.3.v20180329-0507.jar:na]
	at org.eclipse.swt.widgets.EventTable.sendEvent(EventTable.java:86) ~[org.eclipse.swt.win32.win32.x86_64_3.106.3.v20180329-0507.jar:na]
	at org.eclipse.swt.widgets.Display.sendEvent(Display.java:4428) [org.eclipse.swt.win32.win32.x86_64_3.106.3.v20180329-0507.jar:na]
	at org.eclipse.swt.widgets.Widget.sendEvent(Widget.java:1079) ~[org.eclipse.swt.win32.win32.x86_64_3.106.3.v20180329-0507.jar:na]
	at org.eclipse.swt.widgets.Widget.sendEvent(Widget.java:1103) ~[org.eclipse.swt.win32.win32.x86_64_3.106.3.v20180329-0507.jar:na]
	at org.eclipse.swt.widgets.Widget.sendEvent(Widget.java:1088) ~[org.eclipse.swt.win32.win32.x86_64_3.106.3.v20180329-0507.jar:na]
	at org.eclipse.swt.widgets.Decorations.closeWidget(Decorations.java:316) ~[org.eclipse.swt.win32.win32.x86_64_3.106.3.v20180329-0507.jar:na]
	at org.eclipse.swt.widgets.Decorations.WM_CLOSE(Decorations.java:1729) ~[org.eclipse.swt.win32.win32.x86_64_3.106.3.v20180329-0507.jar:na]
	at org.eclipse.swt.widgets.Control.windowProc(Control.java:4845) ~[org.eclipse.swt.win32.win32.x86_64_3.106.3.v20180329-0507.jar:na]
	at org.eclipse.swt.widgets.Canvas.windowProc(Canvas.java:359) ~[org.eclipse.swt.win32.win32.x86_64_3.106.3.v20180329-0507.jar:na]
	at org.eclipse.swt.widgets.Decorations.windowProc(Decorations.java:1657) ~[org.eclipse.swt.win32.win32.x86_64_3.106.3.v20180329-0507.jar:na]
	at org.eclipse.swt.widgets.Shell.windowProc(Shell.java:2199) ~[org.eclipse.swt.win32.win32.x86_64_3.106.3.v20180329-0507.jar:na]
	at org.eclipse.swt.widgets.Display.windowProc(Display.java:5178) [org.eclipse.swt.win32.win32.x86_64_3.106.3.v20180329-0507.jar:na]
	at org.eclipse.swt.internal.win32.OS.DefWindowProcW(Native Method) ~[org.eclipse.swt.win32.win32.x86_64_3.106.3.v20180329-0507.jar:na]
	at org.eclipse.swt.internal.win32.OS.DefWindowProc(OS.java:2555) ~[org.eclipse.swt.win32.win32.x86_64_3.106.3.v20180329-0507.jar:na]
	at org.eclipse.swt.widgets.Shell.callWindowProc(Shell.java:506) ~[org.eclipse.swt.win32.win32.x86_64_3.106.3.v20180329-0507.jar:na]
	at org.eclipse.swt.widgets.Control.windowProc(Control.java:4941) ~[org.eclipse.swt.win32.win32.x86_64_3.106.3.v20180329-0507.jar:na]
	at org.eclipse.swt.widgets.Canvas.windowProc(Canvas.java:359) ~[org.eclipse.swt.win32.win32.x86_64_3.106.3.v20180329-0507.jar:na]
	at org.eclipse.swt.widgets.Decorations.windowProc(Decorations.java:1657) ~[org.eclipse.swt.win32.win32.x86_64_3.106.3.v20180329-0507.jar:na]
	at org.eclipse.swt.widgets.Shell.windowProc(Shell.java:2199) ~[org.eclipse.swt.win32.win32.x86_64_3.106.3.v20180329-0507.jar:na]
	at org.eclipse.swt.widgets.Display.windowProc(Display.java:5178) [org.eclipse.swt.win32.win32.x86_64_3.106.3.v20180329-0507.jar:na]
	at org.eclipse.swt.internal.win32.OS.DefWindowProcW(Native Method) ~[org.eclipse.swt.win32.win32.x86_64_3.106.3.v20180329-0507.jar:na]
	at org.eclipse.swt.internal.win32.OS.DefWindowProc(OS.java:2555) ~[org.eclipse.swt.win32.win32.x86_64_3.106.3.v20180329-0507.jar:na]
	at org.eclipse.swt.widgets.Shell.callWindowProc(Shell.java:506) ~[org.eclipse.swt.win32.win32.x86_64_3.106.3.v20180329-0507.jar:na]
	at org.eclipse.swt.widgets.Control.windowProc(Control.java:4941) ~[org.eclipse.swt.win32.win32.x86_64_3.106.3.v20180329-0507.jar:na]
	at org.eclipse.swt.widgets.Canvas.windowProc(Canvas.java:359) ~[org.eclipse.swt.win32.win32.x86_64_3.106.3.v20180329-0507.jar:na]
	at org.eclipse.swt.widgets.Decorations.windowProc(Decorations.java:1657) ~[org.eclipse.swt.win32.win32.x86_64_3.106.3.v20180329-0507.jar:na]
	at org.eclipse.swt.widgets.Shell.windowProc(Shell.java:2199) ~[org.eclipse.swt.win32.win32.x86_64_3.106.3.v20180329-0507.jar:na]
	at org.eclipse.swt.widgets.Display.windowProc(Display.java:5178) [org.eclipse.swt.win32.win32.x86_64_3.106.3.v20180329-0507.jar:na]
	at org.eclipse.swt.internal.win32.OS.DispatchMessageW(Native Method) ~[org.eclipse.swt.win32.win32.x86_64_3.106.3.v20180329-0507.jar:na]
	at org.eclipse.swt.internal.win32.OS.DispatchMessage(OS.java:2560) ~[org.eclipse.swt.win32.win32.x86_64_3.106.3.v20180329-0507.jar:na]
	at org.eclipse.swt.widgets.Display.readAndDispatch(Display.java:3815) [org.eclipse.swt.win32.win32.x86_64_3.106.3.v20180329-0507.jar:na]
	at org.eclipse.e4.ui.internal.workbench.swt.PartRenderingEngine$5.run(PartRenderingEngine.java:1150) ~[org.eclipse.e4.ui.workbench.swt_0.14.101.v20170710-1119.jar:na]
	at org.eclipse.core.databinding.observable.Realm.runWithDefault(Realm.java:336) ~[org.eclipse.core.databinding.observable_1.6.100.v20170515-1119.jar:na]
	at org.eclipse.e4.ui.internal.workbench.swt.PartRenderingEngine.run(PartRenderingEngine.java:1039) ~[org.eclipse.e4.ui.workbench.swt_0.14.101.v20170710-1119.jar:na]
	at org.eclipse.e4.ui.internal.workbench.E4Workbench.createAndRunUI(E4Workbench.java:153) ~[org.eclipse.e4.ui.workbench_1.5.1.v20170815-1446.jar:na]
	at org.eclipse.ui.internal.Workbench.lambda$3(Workbench.java:680) [org.eclipse.ui.workbench_3.110.1.v20170704-1208.jar:na]
	at org.eclipse.core.databinding.observable.Realm.runWithDefault(Realm.java:336) ~[org.eclipse.core.databinding.observable_1.6.100.v20170515-1119.jar:na]
	at org.eclipse.ui.internal.Workbench.createAndRunWorkbench(Workbench.java:594) [org.eclipse.ui.workbench_3.110.1.v20170704-1208.jar:na]
	at org.eclipse.ui.PlatformUI.createAndRunWorkbench(PlatformUI.java:148) ~[org.eclipse.ui.workbench_3.110.1.v20170704-1208.jar:na]
	at org.eclipse.ui.internal.ide.application.IDEApplication.start(IDEApplication.java:151) ~[na:na]
	at org.eclipse.equinox.internal.app.EclipseAppHandle.run(EclipseAppHandle.java:196) ~[org.eclipse.equinox.app_1.3.400.v20150715-1528.jar:na]
	at org.eclipse.core.runtime.internal.adaptor.EclipseAppLauncher.runApplication(EclipseAppLauncher.java:134) ~[org.eclipse.osgi_3.12.100.v20180210-1608.jar:na]
	at org.eclipse.core.runtime.internal.adaptor.EclipseAppLauncher.start(EclipseAppLauncher.java:104) ~[org.eclipse.osgi_3.12.100.v20180210-1608.jar:na]
	at org.eclipse.core.runtime.adaptor.EclipseStarter.run(EclipseStarter.java:388) ~[org.eclipse.osgi_3.12.100.v20180210-1608.jar:na]
	at org.eclipse.core.runtime.adaptor.EclipseStarter.run(EclipseStarter.java:243) ~[org.eclipse.osgi_3.12.100.v20180210-1608.jar:na]
	at sun.reflect.NativeMethodAccessorImpl.invoke0(Native Method) ~[na:1.8.0_231]
	at sun.reflect.NativeMethodAccessorImpl.invoke(Unknown Source) ~[na:1.8.0_231]
	at sun.reflect.DelegatingMethodAccessorImpl.invoke(Unknown Source) ~[na:1.8.0_231]
	at java.lang.reflect.Method.invoke(Unknown Source) ~[na:1.8.0_231]
	at org.eclipse.equinox.launcher.Main.invokeFramework(Main.java:653) ~[org.eclipse.equinox.launcher_1.4.0.v20161219-1356.jar:na]
	at org.eclipse.equinox.launcher.Main.basicRun(Main.java:590) ~[org.eclipse.equinox.launcher_1.4.0.v20161219-1356.jar:na]
	at org.eclipse.equinox.launcher.Main.run(Main.java:1499) ~[org.eclipse.equinox.launcher_1.4.0.v20161219-1356.jar:na]
2020-04-25 11:36:48,196 [Worker-8] INFO  o.e.m.c.i.l.LifecycleMappingFactory - Using org.eclipse.m2e.jdt.JarLifecycleMapping lifecycle mapping for MavenProject: com.chandini:ecommerce:0.0.1-SNAPSHOT @ D:\Thinklusive\Project\02-Backend\ecommerce\pom.xml.
2020-04-25 11:36:49,420 [Worker-8] INFO  o.e.m.c.i.p.r.ProjectRegistryRefreshJob - org.eclipse.m2e.core.internal.project.registry.ProjectRegistryRefreshJob was canceled
2020-04-25 11:37:19,463 [Worker-0: Loading available Gradle versions] INFO  o.e.b.c.i.u.g.PublishedGradleVersions - Gradle version information cache is up-to-date. Trying to read.
2020-04-25 11:37:24,110 [Worker-4: Updating Maven Dependencies] INFO  o.e.m.c.i.l.LifecycleMappingFactory - Using org.eclipse.m2e.jdt.JarLifecycleMapping lifecycle mapping for MavenProject: com.chandini:ecommerce:0.0.1-SNAPSHOT @ D:\Thinklusive\Project\02-Backend\ecommerce\pom.xml.
2020-04-25 11:37:32,303 [Worker-5: Building] INFO  o.e.m.c.i.embedder.EclipseLogger - Using 'UTF-8' encoding to copy filtered resources.
2020-04-25 11:37:32,314 [Worker-5: Building] INFO  o.e.m.c.i.embedder.EclipseLogger - Copying 1 resource
2020-04-25 11:37:32,388 [Worker-5: Building] INFO  o.e.m.c.i.embedder.EclipseLogger - Copying 0 resource
2020-04-25 11:37:32,393 [Worker-5: Building] INFO  o.e.m.c.i.embedder.EclipseLogger - Using 'UTF-8' encoding to copy filtered resources.
2020-04-25 11:37:32,393 [Worker-5: Building] INFO  o.e.m.c.i.embedder.EclipseLogger - skip non existing resourceDirectory D:\Thinklusive\Project\02-Backend\ecommerce\src\test\resources
2020-04-25 22:04:16,016 [Worker-4: Loading available Gradle versions] INFO  o.e.b.c.i.u.g.PublishedGradleVersions - Gradle version information cache is up-to-date. Trying to read.
2020-04-25 22:06:15,906 [Worker-15: Launching ecommerce - EcommerceApplication] INFO  o.e.m.c.i.embedder.EclipseLogger - Using 'UTF-8' encoding to copy filtered resources.
2020-04-25 22:06:15,913 [Worker-15: Launching ecommerce - EcommerceApplication] INFO  o.e.m.c.i.embedder.EclipseLogger - Copying 1 resource
2020-04-25 22:06:15,934 [Worker-15: Launching ecommerce - EcommerceApplication] INFO  o.e.m.c.i.embedder.EclipseLogger - Copying 0 resource
2020-04-25 22:06:15,937 [Worker-15: Launching ecommerce - EcommerceApplication] INFO  o.e.m.c.i.embedder.EclipseLogger - Using 'UTF-8' encoding to copy filtered resources.
2020-04-25 22:06:15,938 [Worker-15: Launching ecommerce - EcommerceApplication] INFO  o.e.m.c.i.embedder.EclipseLogger - skip non existing resourceDirectory D:\Thinklusive\Project\02-Backend\ecommerce\src\test\resources
2020-04-26 11:01:17,100 [Worker-3: Loading available Gradle versions] INFO  o.e.b.c.i.u.g.PublishedGradleVersions - Gradle version information cache is up-to-date. Trying to read.
2020-04-26 21:38:18,812 [Worker-160: Building] INFO  o.e.m.c.i.embedder.EclipseLogger - Using 'UTF-8' encoding to copy filtered resources.
2020-04-26 21:38:18,818 [Worker-160: Building] INFO  o.e.m.c.i.embedder.EclipseLogger - Copying 1 resource
2020-04-26 21:38:18,838 [Worker-160: Building] INFO  o.e.m.c.i.embedder.EclipseLogger - Copying 0 resource
2020-04-26 21:38:18,840 [Worker-160: Building] INFO  o.e.m.c.i.embedder.EclipseLogger - Using 'UTF-8' encoding to copy filtered resources.
2020-04-26 21:38:18,841 [Worker-160: Building] INFO  o.e.m.c.i.embedder.EclipseLogger - skip non existing resourceDirectory D:\Thinklusive\Project\02-Backend\ecommerce\src\test\resources
2020-04-26 21:40:46,344 [Worker-159: Building] INFO  o.e.m.c.i.embedder.EclipseLogger - Using 'UTF-8' encoding to copy filtered resources.
2020-04-26 21:40:46,349 [Worker-159: Building] INFO  o.e.m.c.i.embedder.EclipseLogger - Copying 1 resource
2020-04-26 21:40:46,355 [Worker-159: Building] INFO  o.e.m.c.i.embedder.EclipseLogger - Copying 0 resource
2020-04-26 21:40:46,359 [Worker-159: Building] INFO  o.e.m.c.i.embedder.EclipseLogger - Using 'UTF-8' encoding to copy filtered resources.
2020-04-26 21:40:46,359 [Worker-159: Building] INFO  o.e.m.c.i.embedder.EclipseLogger - skip non existing resourceDirectory D:\Thinklusive\Project\02-Backend\ecommerce\src\test\resources
2020-04-27 11:06:31,540 [Worker-4: Loading available Gradle versions] INFO  o.e.b.c.i.u.g.PublishedGradleVersions - Gradle version information cache is out-of-date. Trying to update.
2020-04-27 11:10:50,987 [Worker-0: Building] INFO  o.e.m.c.i.embedder.EclipseLogger - Using 'UTF-8' encoding to copy filtered resources.
2020-04-27 11:10:50,995 [Worker-0: Building] INFO  o.e.m.c.i.embedder.EclipseLogger - Copying 1 resource
2020-04-27 11:10:51,016 [Worker-0: Building] INFO  o.e.m.c.i.embedder.EclipseLogger - Copying 0 resource
2020-04-27 11:10:51,019 [Worker-0: Building] INFO  o.e.m.c.i.embedder.EclipseLogger - Using 'UTF-8' encoding to copy filtered resources.
2020-04-27 11:10:51,019 [Worker-0: Building] INFO  o.e.m.c.i.embedder.EclipseLogger - skip non existing resourceDirectory D:\Thinklusive\Project\02-Backend\ecommerce\src\test\resources
2020-04-27 11:12:44,659 [Worker-0: Building] INFO  o.e.m.c.i.embedder.EclipseLogger - Using 'UTF-8' encoding to copy filtered resources.
2020-04-27 11:12:44,665 [Worker-0: Building] INFO  o.e.m.c.i.embedder.EclipseLogger - Copying 1 resource
2020-04-27 11:12:44,669 [Worker-0: Building] INFO  o.e.m.c.i.embedder.EclipseLogger - Copying 0 resource
2020-04-27 11:12:44,672 [Worker-0: Building] INFO  o.e.m.c.i.embedder.EclipseLogger - Using 'UTF-8' encoding to copy filtered resources.
2020-04-27 11:12:44,672 [Worker-0: Building] INFO  o.e.m.c.i.embedder.EclipseLogger - skip non existing resourceDirectory D:\Thinklusive\Project\02-Backend\ecommerce\src\test\resources
2020-04-27 11:12:45,780 [Worker-24: Building] INFO  o.e.m.c.i.embedder.EclipseLogger - Using 'UTF-8' encoding to copy filtered resources.
2020-04-27 11:12:45,781 [Worker-24: Building] INFO  o.e.m.c.i.embedder.EclipseLogger - Copying 1 resource
2020-04-27 11:12:45,785 [Worker-24: Building] INFO  o.e.m.c.i.embedder.EclipseLogger - Copying 0 resource
2020-04-27 11:12:45,788 [Worker-24: Building] INFO  o.e.m.c.i.embedder.EclipseLogger - Using 'UTF-8' encoding to copy filtered resources.
2020-04-27 11:12:45,788 [Worker-24: Building] INFO  o.e.m.c.i.embedder.EclipseLogger - skip non existing resourceDirectory D:\Thinklusive\Project\02-Backend\ecommerce\src\test\resources
2020-04-27 11:13:24,510 [Worker-20: Building] INFO  o.e.m.c.i.embedder.EclipseLogger - Using 'UTF-8' encoding to copy filtered resources.
2020-04-27 11:13:24,510 [Worker-20: Building] INFO  o.e.m.c.i.embedder.EclipseLogger - Copying 1 resource
2020-04-27 11:13:24,512 [Worker-20: Building] INFO  o.e.m.c.i.embedder.EclipseLogger - Copying 0 resource
2020-04-27 11:13:24,515 [Worker-20: Building] INFO  o.e.m.c.i.embedder.EclipseLogger - Using 'UTF-8' encoding to copy filtered resources.
2020-04-27 11:13:24,515 [Worker-20: Building] INFO  o.e.m.c.i.embedder.EclipseLogger - skip non existing resourceDirectory D:\Thinklusive\Project\02-Backend\ecommerce\src\test\resources
2020-04-27 11:26:22,355 [Worker-30: Building] INFO  o.e.m.c.i.embedder.EclipseLogger - Using 'UTF-8' encoding to copy filtered resources.
2020-04-27 11:26:22,356 [Worker-30: Building] INFO  o.e.m.c.i.embedder.EclipseLogger - Copying 1 resource
2020-04-27 11:26:22,358 [Worker-30: Building] INFO  o.e.m.c.i.embedder.EclipseLogger - Copying 0 resource
2020-04-27 11:26:22,361 [Worker-30: Building] INFO  o.e.m.c.i.embedder.EclipseLogger - Using 'UTF-8' encoding to copy filtered resources.
2020-04-27 11:26:22,361 [Worker-30: Building] INFO  o.e.m.c.i.embedder.EclipseLogger - skip non existing resourceDirectory D:\Thinklusive\Project\02-Backend\ecommerce\src\test\resources
2020-04-27 11:26:28,988 [Worker-28: Building] INFO  o.e.m.c.i.embedder.EclipseLogger - Using 'UTF-8' encoding to copy filtered resources.
2020-04-27 11:26:28,989 [Worker-28: Building] INFO  o.e.m.c.i.embedder.EclipseLogger - Copying 1 resource
2020-04-27 11:26:28,992 [Worker-28: Building] INFO  o.e.m.c.i.embedder.EclipseLogger - Copying 0 resource
2020-04-27 11:26:28,998 [Worker-28: Building] INFO  o.e.m.c.i.embedder.EclipseLogger - Using 'UTF-8' encoding to copy filtered resources.
2020-04-27 11:26:28,998 [Worker-28: Building] INFO  o.e.m.c.i.embedder.EclipseLogger - skip non existing resourceDirectory D:\Thinklusive\Project\02-Backend\ecommerce\src\test\resources
2020-04-27 21:33:45,061 [Worker-2: Loading available Gradle versions] INFO  o.e.b.c.i.u.g.PublishedGradleVersions - Gradle version information cache is up-to-date. Trying to read.
